#
# There is insufficient memory for the Java Runtime Environment to continue.
# Native memory allocation (malloc) failed to allocate 1048576 bytes for AllocateHeap
# Possible reasons:
#   The system is out of physical RAM or swap space
#   The process is running with CompressedOops enabled, and the Java Heap may be blocking the growth of the native heap
# Possible solutions:
#   Reduce memory load on the system
#   Increase physical memory or swap space
#   Check if swap backing store is full
#   Decrease Java heap size (-Xmx/-Xms)
#   Decrease number of Java threads
#   Decrease Java thread stack sizes (-Xss)
#   Set larger code cache with -XX:ReservedCodeCacheSize=
#   JVM is running with Unscaled Compressed Oops mode in which the Java heap is
#     placed in the first 4GB address space. The Java Heap base address is the
#     maximum limit for the native heap growth. Please use -XX:HeapBaseMinAddress
#     to set the Java Heap base and to place the Java Heap above 4GB virtual address.
# This output file may be truncated or incomplete.
#
#  Out of Memory Error (memory/allocation.inline.hpp:61), pid=9408, tid=0x00000000000020f8
#
# JRE version:  (8.0_242-b01) (build )
# Java VM: OpenJDK 64-Bit Server VM (25.242-b01 mixed mode windows-amd64 compressed oops)
# Failed to write core dump. Minidumps are not enabled by default on client versions of Windows
#

---------------  T H R E A D  ---------------

Current thread (0x0000000002492800):  JavaThread "Unknown thread" [_thread_in_vm, id=8440, stack(0x0000000002390000,0x0000000002490000)]

Stack: [0x0000000002390000,0x0000000002490000]
[error occurred during error reporting (printing stack bounds), id 0xc0000005]

Native frames: (J=compiled Java code, j=interpreted, Vv=VM code, C=native code)


---------------  P R O C E S S  ---------------

Java Threads: ( => current thread )

Other Threads:

=>0x0000000002492800 (exited) JavaThread "Unknown thread" [_thread_in_vm, id=8440, stack(0x0000000002390000,0x0000000002490000)]

VM state:not at safepoint (normal execution)

VM Mutex/Monitor currently owned by a thread: None

heap address: 0x0000000081600000, size: 2026 MB, Compressed Oops mode: 32-bit
Narrow klass base: 0x0000000000000000, Narrow klass shift: 3
Compressed class space size: 1073741824 Address: 0x0000000100000000

Heap:
 PSYoungGen      total 38400K, used 665K [0x00000000d5d00000, 0x00000000d8780000, 0x0000000100000000)
  eden space 33280K, 2% used [0x00000000d5d00000,0x00000000d5da6670,0x00000000d7d80000)
  from space 5120K, 0% used [0x00000000d8280000,0x00000000d8280000,0x00000000d8780000)
  to   space 5120K, 0% used [0x00000000d7d80000,0x00000000d7d80000,0x00000000d8280000)
 ParOldGen       total 87552K, used 0K [0x0000000081600000, 0x0000000086b80000, 0x00000000d5d00000)
  object space 87552K, 0% used [0x0000000081600000,0x0000000081600000,0x0000000086b80000)
 Metaspace       used 779K, capacity 4480K, committed 4480K, reserved 1056768K
  class space    used 74K, capacity 384K, committed 384K, reserved 1048576K

Card table byte_map: [0x0000000011950000,0x0000000011d50000] byte_map_base: 0x0000000011545000

Marking Bits: (ParMarkBitMap*) 0x0000000068a1f030
 Begin Bits: [0x0000000012800000, 0x00000000147a8000)
 End Bits:   [0x00000000147a8000, 0x0000000016750000)

Polling page: 0x00000000021f0000

CodeCache: size=245760Kb used=328Kb max_used=328Kb free=245431Kb
 bounds [0x0000000002590000, 0x0000000002800000, 0x0000000011590000]
 total_blobs=57 nmethods=0 adapters=38
 compilation: enabled

Compilation events (0 events):
No events

GC Heap History (0 events):
No events

Deoptimization events (0 events):
No events

Classes redefined (0 events):
No events

Internal exceptions (0 events):
No events

Events (10 events):
Event: 0.066 loading class java/lang/Short
Event: 0.066 loading class java/lang/Short done
Event: 0.066 loading class java/lang/Integer
Event: 0.066 loading class java/lang/Integer done
Event: 0.066 loading class java/lang/Long
Event: 0.067 loading class java/lang/Long done
Event: 0.069 loading class java/lang/NullPointerException
Event: 0.069 loading class java/lang/NullPointerException done
Event: 0.069 loading class java/lang/ArithmeticException
Event: 0.069 loading class java/lang/ArithmeticException done


Dynamic libraries:
0x00007ff7a9900000 - 0x00007ff7a9931000 	C:\Program Files\Android\Android Studio1\jre\jre\bin\java.exe
0x00007ffaedbf0000 - 0x00007ffaedde6000 	C:\Windows\SYSTEM32\ntdll.dll
0x00007ffaec4f0000 - 0x00007ffaec5ad000 	C:\Windows\System32\KERNEL32.DLL
0x00007ffaeb390000 - 0x00007ffaeb658000 	C:\Windows\System32\KERNELBASE.dll
0x00007ffaeca20000 - 0x00007ffaecaca000 	C:\Windows\System32\ADVAPI32.dll
0x00007ffaebf30000 - 0x00007ffaebfce000 	C:\Windows\System32\msvcrt.dll
0x00007ffaec270000 - 0x00007ffaec30b000 	C:\Windows\System32\sechost.dll
0x00007ffaecad0000 - 0x00007ffaecbf4000 	C:\Windows\System32\RPCRT4.dll
0x00007ffaebce0000 - 0x00007ffaebe80000 	C:\Windows\System32\USER32.dll
0x00007ffaebad0000 - 0x00007ffaebaf2000 	C:\Windows\System32\win32u.dll
0x00007ffaed7c0000 - 0x00007ffaed7ea000 	C:\Windows\System32\GDI32.dll
0x00007ffaeb960000 - 0x00007ffaeba69000 	C:\Windows\System32\gdi32full.dll
0x00007ffaeb6e0000 - 0x00007ffaeb77d000 	C:\Windows\System32\msvcp_win.dll
0x00007ffaeb860000 - 0x00007ffaeb960000 	C:\Windows\System32\ucrtbase.dll
0x00007ffadbfe0000 - 0x00007ffadc27b000 	C:\Windows\WinSxS\amd64_microsoft.windows.common-controls_6595b64144ccf1df_6.0.19041.488_none_ca04af081b815d21\COMCTL32.dll
0x00007ffaed710000 - 0x00007ffaed740000 	C:\Windows\System32\IMM32.DLL
0x0000000068bf0000 - 0x0000000068cc2000 	C:\Program Files\Android\Android Studio1\jre\jre\bin\msvcr100.dll
0x0000000068250000 - 0x0000000068a9b000 	C:\Program Files\Android\Android Studio1\jre\jre\bin\server\jvm.dll
0x00007ffaecd30000 - 0x00007ffaecd38000 	C:\Windows\System32\PSAPI.DLL
0x00007ffad0f80000 - 0x00007ffad0f89000 	C:\Windows\SYSTEM32\WSOCK32.dll
0x00007ffaed480000 - 0x00007ffaed4eb000 	C:\Windows\System32\WS2_32.dll
0x00007ffadc390000 - 0x00007ffadc3b7000 	C:\Windows\SYSTEM32\WINMM.dll
0x00007ffae3760000 - 0x00007ffae376a000 	C:\Windows\SYSTEM32\VERSION.dll
0x00007ffae6e20000 - 0x00007ffae6e2f000 	C:\Program Files\Android\Android Studio1\jre\jre\bin\verify.dll
0x00007ffad8d80000 - 0x00007ffad8da9000 	C:\Program Files\Android\Android Studio1\jre\jre\bin\java.dll
0x00007ffae6e00000 - 0x00007ffae6e16000 	C:\Program Files\Android\Android Studio1\jre\jre\bin\zip.dll

VM Arguments:
java_command: org.jetbrains.git4idea.http.GitAskPassApp Username for 'https://github.com': 
java_class_path (initial): C:/Program Files/Android/Android Studio1/plugins/git4idea/lib/git4idea-rt.jar;C:/Program Files/Android/Android Studio1/lib/xmlrpc-2.0.1.jar;C:/Program Files/Android/Android Studio1/lib/commons-codec-1.14.jar;C:/Program Files/Android/Android Studio1/lib/util.jar
Launcher Type: SUN_STANDARD

Environment Variables:
PATH=C:\Program Files\Git\mingw64\libexec\git-core;C:\Program Files\Git\mingw64\libexec\git-core;C:\Program Files\Git\mingw64\bin;C:\Program Files\Git\usr\bin;C:\Users\rohit\bin;C:\Program Files\Python37\Scripts;C:\Program Files\Python37;C:\Program Files (x86)\Common Files\Oracle\Java\javapath;C:\Windows\system32;C:\Windows;C:\Windows\System32\Wbem;C:\Windows\System32\WindowsPowerShell\v1.0;C:\Windows\System32\OpenSSH;C:\Apache24\bin;C:\Program Files\Git\cmd;C:\Users\rohit\AppData\Local\Microsoft\WindowsApps;C:\Users\rohit\AppData\Local\Programs\Microsoft VS Code\bin;C:\Program Files\heroku\bin
USERNAME=rohit
DISPLAY=:0.0
OS=Windows_NT
PROCESSOR_IDENTIFIER=Intel64 Family 6 Model 142 Stepping 10, GenuineIntel



---------------  S Y S T E M  ---------------

OS: Windows 10.0 , 64 bit Build 19041 (10.0.19041.546)

CPU:total 8 (initial active 8) (4 cores per cpu, 2 threads per core) family 6 model 142 stepping 10, cmov, cx8, fxsr, mmx, sse, sse2, sse3, ssse3, sse4.1, sse4.2, popcnt, avx, avx2, aes, clmul, erms, 3dnowpref, lzcnt, ht, tsc, tscinvbit, bmi1, bmi2, adx

Memory: 4k page, physical 8297528k(975492k free), swap 8297528k(5820k free)

vm_info: OpenJDK 64-Bit Server VM (25.242-b01) for windows-amd64 JRE (1.8.0_242-release-1644-b01), built by "builder" with MS VC++ 10.0 (VS2010)

time: Fri Nov 13 22:51:11 2020
timezone: India Standard Time
elapsed time: 0 seconds (0d 0h 0m 0s)

